\BOOKMARK [0][-]{chapter.1}{title Whitepaper}{}% 1
\BOOKMARK [1][-]{section.1.1}{Introduction}{chapter.1}% 2
\BOOKMARK [1][-]{section.1.2}{Technical Background and Related Works}{chapter.1}% 3
\BOOKMARK [2][-]{subsection.1.2.1}{Blockchain Technology}{section.1.2}% 4
\BOOKMARK [2][-]{subsection.1.2.2}{Autonomous Vehicles}{section.1.2}% 5
\BOOKMARK [2][-]{subsection.1.2.3}{Vehicular Ad-Hoc Networks - VANETs}{section.1.2}% 6
\BOOKMARK [2][-]{subsection.1.2.4}{Related Work}{section.1.2}% 7
\BOOKMARK [1][-]{section.1.3}{The Chorus Vision}{chapter.1}% 8
\BOOKMARK [2][-]{subsection.1.3.1}{Use Cases}{section.1.3}% 9
\BOOKMARK [2][-]{subsection.1.3.2}{Human to Human}{section.1.3}% 10
\BOOKMARK [2][-]{subsection.1.3.3}{Human to Vehicle}{section.1.3}% 11
\BOOKMARK [2][-]{subsection.1.3.4}{Vehicle to Vehicle}{section.1.3}% 12
\BOOKMARK [2][-]{subsection.1.3.5}{Vehicle to Infrastructure}{section.1.3}% 13
\BOOKMARK [1][-]{section.1.4}{System Design and Architecture}{chapter.1}% 14
\BOOKMARK [2][-]{subsection.1.4.1}{Functional Goals, Quality Goals, Stakeholders and Requirements}{section.1.4}% 15
\BOOKMARK [2][-]{subsection.1.4.2}{Component Diagrams}{section.1.4}% 16
\BOOKMARK [2][-]{subsection.1.4.3}{Smart Contract Lifecycle Management}{section.1.4}% 17
\BOOKMARK [2][-]{subsection.1.4.4}{Library / API}{section.1.4}% 18
\BOOKMARK [1][-]{section.1.5}{System Engagement Processes}{chapter.1}% 19
\BOOKMARK [2][-]{subsection.1.5.1}{Sequence Diagrams | or BPMN representation of Processes}{section.1.5}% 20
\BOOKMARK [2][-]{subsection.1.5.2}{Auction Algorithm}{section.1.5}% 21
\BOOKMARK [2][-]{subsection.1.5.3}{Token Economics and Value Proposition}{section.1.5}% 22
\BOOKMARK [1][-]{section.1.6}{Prototype and Feasibility Study}{chapter.1}% 23
\BOOKMARK [2][-]{subsection.1.6.1}{Prototype}{section.1.6}% 24
\BOOKMARK [2][-]{subsection.1.6.2}{Evaluation}{section.1.6}% 25
\BOOKMARK [1][-]{section.1.7}{Discussion}{chapter.1}% 26
\BOOKMARK [2][-]{subsection.1.7.1}{Critical Analysis}{section.1.7}% 27
\BOOKMARK [2][-]{subsection.1.7.2}{Related Work}{section.1.7}% 28
\BOOKMARK [1][-]{section.1.8}{Conclusion and Future Work}{chapter.1}% 29
