\BOOKMARK [0][-]{chapter.1}{Enabling the Vehicle Economy Using a Blockchain-Based Value Transaction Layer Protocol for Vehicular Ad-Hoc Networks - \040Research Paper - Version 1.0.1August 7, 2018}{}% 1
\BOOKMARK [1][-]{section.1.1}{Introduction}{chapter.1}% 2
\BOOKMARK [1][-]{section.1.2}{Technical Background and Supplementary Literature}{chapter.1}% 3
\BOOKMARK [2][-]{subsection.1.2.1}{Blockchain Technology}{section.1.2}% 4
\BOOKMARK [2][-]{subsection.1.2.2}{Autonomous Vehicles}{section.1.2}% 5
\BOOKMARK [2][-]{subsection.1.2.3}{Vehicular Ad-Hoc Networks - VANETs}{section.1.2}% 6
\BOOKMARK [1][-]{section.1.3}{The Chorus Vision}{chapter.1}% 7
\BOOKMARK [1][-]{section.1.4}{System Design and Architecture}{chapter.1}% 8
\BOOKMARK [2][-]{subsection.1.4.1}{Functional Goals, Quality Goals, Stakeholders and Requirements}{section.1.4}% 9
\BOOKMARK [2][-]{subsection.1.4.2}{System Architecture}{section.1.4}% 10
\BOOKMARK [1][-]{section.1.5}{System Engagement Processes}{chapter.1}% 11
\BOOKMARK [2][-]{subsection.1.5.1}{Smart Contract Negotiation Lifecycle Management}{section.1.5}% 12
\BOOKMARK [2][-]{subsection.1.5.2}{Auction Algorithms}{section.1.5}% 13
\BOOKMARK [2][-]{subsection.1.5.3}{Token Economics and Value Proposition}{section.1.5}% 14
\BOOKMARK [1][-]{section.1.6}{Prototype and Feasibility Study}{chapter.1}% 15
\BOOKMARK [2][-]{subsection.1.6.1}{Prototype Architecture}{section.1.6}% 16
\BOOKMARK [2][-]{subsection.1.6.2}{Eco-System and Economics}{section.1.6}% 17
\BOOKMARK [1][-]{section.1.7}{Analysis of Related Work}{chapter.1}% 18
\BOOKMARK [2][-]{subsection.1.7.1}{Academic Competitors}{section.1.7}% 19
\BOOKMARK [2][-]{subsection.1.7.2}{Non-Academic Competitors}{section.1.7}% 20
\BOOKMARK [1][-]{section.1.8}{Conclusion and Future Work}{chapter.1}% 21
