This is pdfTeX, Version 3.14159265-2.6-1.40.18 (TeX Live 2017/Debian) (preloaded format=pdflatex 2018.6.18)  7 AUG 2018 17:37
entering extended mode
 restricted \write18 enabled.
 %&-line parsing enabled.
**llncs.tex
(./llncs.tex
LaTeX2e <2017-04-15>
Babel <3.18> and hyphenation patterns for 84 language(s) loaded.
(./llncs.cls
Document Class: llncs 2015/06/24 v2.20 
 LaTeX document class for Lecture Notes in Computer Science
(/usr/share/texlive/texmf-dist/tex/latex/base/article.cls
Document Class: article 2014/09/29 v1.4h Standard LaTeX document class
(/usr/share/texlive/texmf-dist/tex/latex/base/size10.clo
File: size10.clo 2014/09/29 v1.4h Standard LaTeX file (size option)
)
\c@part=\count79
\c@section=\count80
\c@subsection=\count81
\c@subsubsection=\count82
\c@paragraph=\count83
\c@subparagraph=\count84
\c@figure=\count85
\c@table=\count86
\abovecaptionskip=\skip41
\belowcaptionskip=\skip42
\bibindent=\dimen102
)
(/usr/share/texlive/texmf-dist/tex/latex/tools/multicol.sty
Package: multicol 2017/04/11 v1.8q multicolumn formatting (FMi)
\c@tracingmulticols=\count87
\mult@box=\box26
\multicol@leftmargin=\dimen103
\c@unbalance=\count88
\c@collectmore=\count89
\doublecol@number=\count90
\multicoltolerance=\count91
\multicolpretolerance=\count92
\full@width=\dimen104
\page@free=\dimen105
\premulticols=\dimen106
\postmulticols=\dimen107
\multicolsep=\skip43
\multicolbaselineskip=\skip44
\partial@page=\box27
\last@line=\box28
\maxbalancingoverflow=\dimen108
\mult@rightbox=\box29
\mult@grightbox=\box30
\mult@gfirstbox=\box31
\mult@firstbox=\box32
\@tempa=\box33
\@tempa=\box34
\@tempa=\box35
\@tempa=\box36
\@tempa=\box37
\@tempa=\box38
\@tempa=\box39
\@tempa=\box40
\@tempa=\box41
\@tempa=\box42
\@tempa=\box43
\@tempa=\box44
\@tempa=\box45
\@tempa=\box46
\@tempa=\box47
\@tempa=\box48
\@tempa=\box49
\c@columnbadness=\count93
\c@finalcolumnbadness=\count94
\last@try=\dimen109
\multicolovershoot=\dimen110
\multicolundershoot=\dimen111
\mult@nat@firstbox=\box50
\colbreak@box=\box51
\mc@col@check@num=\count95
) (./aliascnt.sty
Package: aliascnt 2009/09/08 v1.3 Alias counter (HO)

(./remreset.sty))
\c@chapter=\count96
LaTeX Font Info:    Redeclaring math symbol \Gamma on input line 362.
LaTeX Font Info:    Redeclaring math symbol \Delta on input line 363.
LaTeX Font Info:    Redeclaring math symbol \Theta on input line 364.
LaTeX Font Info:    Redeclaring math symbol \Lambda on input line 365.
LaTeX Font Info:    Redeclaring math symbol \Xi on input line 366.
LaTeX Font Info:    Redeclaring math symbol \Pi on input line 367.
LaTeX Font Info:    Redeclaring math symbol \Sigma on input line 368.
LaTeX Font Info:    Redeclaring math symbol \Upsilon on input line 369.
LaTeX Font Info:    Redeclaring math symbol \Phi on input line 370.
LaTeX Font Info:    Redeclaring math symbol \Psi on input line 371.
LaTeX Font Info:    Redeclaring math symbol \Omega on input line 372.
\tocchpnum=\dimen112
\tocsecnum=\dimen113
\tocsectotal=\dimen114
\tocsubsecnum=\dimen115
\tocsubsectotal=\dimen116
\tocsubsubsecnum=\dimen117
\tocsubsubsectotal=\dimen118
\tocparanum=\dimen119
\tocparatotal=\dimen120
\tocsubparanum=\dimen121
\@tempcntc=\count97
\fnindent=\dimen122
\c@@inst=\count98
\c@@auth=\count99
\c@auco=\count100
\instindent=\dimen123
\authrun=\box52
\authorrunning=\toks14
\tocauthor=\toks15
\titrun=\box53
\titlerunning=\toks16
\toctitle=\toks17
\c@theorem=\count101
\c@case=\count102
\c@conjecture=\count103
\c@corollary=\count104
\c@definition=\count105
\c@example=\count106
\c@exercise=\count107
\c@lemma=\count108
\c@note=\count109
\c@problem=\count110
\c@property=\count111
\c@proposition=\count112
\c@question=\count113
\c@solution=\count114
\c@remark=\count115
\headlineindent=\dimen124
) (./llncsdoc.sty)
(/usr/share/texlive/texmf-dist/tex/latex/url/url.sty
\Urlmuskip=\muskip10
Package: url 2013/09/16  ver 3.4  Verb mode for urls, etc.
)
(/usr/share/texlive/texmf-dist/tex/latex/graphics/graphicx.sty
Package: graphicx 2017/06/01 v1.1a Enhanced LaTeX Graphics (DPC,SPQR)

(/usr/share/texlive/texmf-dist/tex/latex/graphics/keyval.sty
Package: keyval 2014/10/28 v1.15 key=value parser (DPC)
\KV@toks@=\toks18
)
(/usr/share/texlive/texmf-dist/tex/latex/graphics/graphics.sty
Package: graphics 2017/06/25 v1.2c Standard LaTeX Graphics (DPC,SPQR)

(/usr/share/texlive/texmf-dist/tex/latex/graphics/trig.sty
Package: trig 2016/01/03 v1.10 sin cos tan (DPC)
)
(/usr/share/texlive/texmf-dist/tex/latex/graphics-cfg/graphics.cfg
File: graphics.cfg 2016/06/04 v1.11 sample graphics configuration
)
Package graphics Info: Driver file: pdftex.def on input line 99.

(/usr/share/texlive/texmf-dist/tex/latex/graphics-def/pdftex.def
File: pdftex.def 2018/01/08 v1.0l Graphics/color driver for pdftex
))
\Gin@req@height=\dimen125
\Gin@req@width=\dimen126
)
(/usr/share/texlive/texmf-dist/tex/latex/float/float.sty
Package: float 2001/11/08 v1.3d Float enhancements (AL)
\c@float@type=\count116
\float@exts=\toks19
\float@box=\box54
\@float@everytoks=\toks20
\@floatcapt=\box55
)
(/usr/share/texlive/texmf-dist/tex/latex/tablefootnote/tablefootnote.sty
Package: tablefootnote 2014/01/26 v1.1c Table foot notes (HMM)

(/usr/share/texlive/texmf-dist/tex/generic/oberdiek/ltxcmds.sty
Package: ltxcmds 2016/05/16 v1.23 LaTeX kernel commands for general use (HO)
)
(/usr/share/texlive/texmf-dist/tex/latex/oberdiek/letltxmacro.sty
Package: letltxmacro 2016/05/16 v1.5 Let assignment for LaTeX macros (HO)
)
(/usr/share/texlive/texmf-dist/tex/latex/xifthen/xifthen.sty
Package: xifthen 2015/11/05 v1.4.0 Extended ifthen features

(/usr/share/texlive/texmf-dist/tex/latex/tools/calc.sty
Package: calc 2014/10/28 v4.3 Infix arithmetic (KKT,FJ)
\calc@Acount=\count117
\calc@Bcount=\count118
\calc@Adimen=\dimen127
\calc@Bdimen=\dimen128
\calc@Askip=\skip45
\calc@Bskip=\skip46
LaTeX Info: Redefining \setlength on input line 80.
LaTeX Info: Redefining \addtolength on input line 81.
\calc@Ccount=\count119
\calc@Cskip=\skip47
)
(/usr/share/texlive/texmf-dist/tex/latex/base/ifthen.sty
Package: ifthen 2014/09/29 v1.1c Standard LaTeX ifthen package (DPC)
)
(/usr/share/texlive/texmf-dist/tex/latex/ifmtarg/ifmtarg.sty
Package: ifmtarg 2009/09/02 v1.2a check for an empty argument
))
(/usr/share/texlive/texmf-dist/tex/latex/etoolbox/etoolbox.sty
Package: etoolbox 2018/02/11 v2.5e e-TeX tools for LaTeX (JAW)
\etb@tempcnta=\count120
))
(/usr/share/texlive/texmf-dist/tex/latex/hyperref/hyperref.sty
Package: hyperref 2018/02/06 v6.86b Hypertext links for LaTeX

(/usr/share/texlive/texmf-dist/tex/generic/oberdiek/hobsub-hyperref.sty
Package: hobsub-hyperref 2016/05/16 v1.14 Bundle oberdiek, subset hyperref (HO)


(/usr/share/texlive/texmf-dist/tex/generic/oberdiek/hobsub-generic.sty
Package: hobsub-generic 2016/05/16 v1.14 Bundle oberdiek, subset generic (HO)
Package: hobsub 2016/05/16 v1.14 Construct package bundles (HO)
Package: infwarerr 2016/05/16 v1.4 Providing info/warning/error messages (HO)
Package hobsub Info: Skipping package `ltxcmds' (already loaded).
Package: ifluatex 2016/05/16 v1.4 Provides the ifluatex switch (HO)
Package ifluatex Info: LuaTeX not detected.
Package: ifvtex 2016/05/16 v1.6 Detect VTeX and its facilities (HO)
Package ifvtex Info: VTeX not detected.
Package: intcalc 2016/05/16 v1.2 Expandable calculations with integers (HO)
Package: ifpdf 2017/03/15 v3.2 Provides the ifpdf switch
Package: etexcmds 2016/05/16 v1.6 Avoid name clashes with e-TeX commands (HO)
Package etexcmds Info: Could not find \expanded.
(etexcmds)             That can mean that you are not using pdfTeX 1.50 or
(etexcmds)             that some package has redefined \expanded.
(etexcmds)             In the latter case, load this package earlier.
Package: kvsetkeys 2016/05/16 v1.17 Key value parser (HO)
Package: kvdefinekeys 2016/05/16 v1.4 Define keys (HO)
Package: pdftexcmds 2018/01/21 v0.26 Utility functions of pdfTeX for LuaTeX (HO
)
Package pdftexcmds Info: LuaTeX not detected.
Package pdftexcmds Info: \pdf@primitive is available.
Package pdftexcmds Info: \pdf@ifprimitive is available.
Package pdftexcmds Info: \pdfdraftmode found.
Package: pdfescape 2016/05/16 v1.14 Implements pdfTeX's escape features (HO)
Package: bigintcalc 2016/05/16 v1.4 Expandable calculations on big integers (HO
)
Package: bitset 2016/05/16 v1.2 Handle bit-vector datatype (HO)
Package: uniquecounter 2016/05/16 v1.3 Provide unlimited unique counter (HO)
)
Package hobsub Info: Skipping package `hobsub' (already loaded).
Package hobsub Info: Skipping package `letltxmacro' (already loaded).
Package: hopatch 2016/05/16 v1.3 Wrapper for package hooks (HO)
Package: xcolor-patch 2016/05/16 xcolor patch
Package: atveryend 2016/05/16 v1.9 Hooks at the very end of document (HO)
Package: atbegshi 2016/06/09 v1.18 At begin shipout hook (HO)
Package: refcount 2016/05/16 v3.5 Data extraction from label references (HO)
Package: hycolor 2016/05/16 v1.8 Color options for hyperref/bookmark (HO)
)
(/usr/share/texlive/texmf-dist/tex/generic/ifxetex/ifxetex.sty
Package: ifxetex 2010/09/12 v0.6 Provides ifxetex conditional
)
(/usr/share/texlive/texmf-dist/tex/latex/oberdiek/auxhook.sty
Package: auxhook 2016/05/16 v1.4 Hooks for auxiliary files (HO)
)
(/usr/share/texlive/texmf-dist/tex/latex/oberdiek/kvoptions.sty
Package: kvoptions 2016/05/16 v3.12 Key value format for package options (HO)
)
\@linkdim=\dimen129
\Hy@linkcounter=\count121
\Hy@pagecounter=\count122

(/usr/share/texlive/texmf-dist/tex/latex/hyperref/pd1enc.def
File: pd1enc.def 2018/02/06 v6.86b Hyperref: PDFDocEncoding definition (HO)
)
\Hy@SavedSpaceFactor=\count123

(/usr/share/texlive/texmf-dist/tex/latex/latexconfig/hyperref.cfg
File: hyperref.cfg 2002/06/06 v1.2 hyperref configuration of TeXLive
)
Package hyperref Info: Hyper figures OFF on input line 4509.
Package hyperref Info: Link nesting OFF on input line 4514.
Package hyperref Info: Hyper index ON on input line 4517.
Package hyperref Info: Plain pages OFF on input line 4524.
Package hyperref Info: Backreferencing OFF on input line 4529.
Package hyperref Info: Implicit mode ON; LaTeX internals redefined.
Package hyperref Info: Bookmarks ON on input line 4762.
\c@Hy@tempcnt=\count124
LaTeX Info: Redefining \url on input line 5115.
\XeTeXLinkMargin=\dimen130
\Fld@menulength=\count125
\Field@Width=\dimen131
\Fld@charsize=\dimen132
Package hyperref Info: Hyper figures OFF on input line 6369.
Package hyperref Info: Link nesting OFF on input line 6374.
Package hyperref Info: Hyper index ON on input line 6377.
Package hyperref Info: backreferencing OFF on input line 6384.
Package hyperref Info: Link coloring OFF on input line 6389.
Package hyperref Info: Link coloring with OCG OFF on input line 6394.
Package hyperref Info: PDF/A mode OFF on input line 6399.
LaTeX Info: Redefining \ref on input line 6439.
LaTeX Info: Redefining \pageref on input line 6443.
\Hy@abspage=\count126
\c@Item=\count127
\c@Hfootnote=\count128
)
Package hyperref Info: Driver (autodetected): hpdftex.

(/usr/share/texlive/texmf-dist/tex/latex/hyperref/hpdftex.def
File: hpdftex.def 2018/02/06 v6.86b Hyperref driver for pdfTeX
\Fld@listcount=\count129
\c@bookmark@seq@number=\count130

(/usr/share/texlive/texmf-dist/tex/latex/oberdiek/rerunfilecheck.sty
Package: rerunfilecheck 2016/05/16 v1.8 Rerun checks for auxiliary files (HO)
Package uniquecounter Info: New unique counter `rerunfilecheck' on input line 2
82.
)
\Hy@SectionHShift=\skip48
)
(./llncs.aux)
\openout1 = `llncs.aux'.

LaTeX Font Info:    Checking defaults for OML/cmm/m/it on input line 27.
LaTeX Font Info:    ... okay on input line 27.
LaTeX Font Info:    Checking defaults for T1/cmr/m/n on input line 27.
LaTeX Font Info:    ... okay on input line 27.
LaTeX Font Info:    Checking defaults for OT1/cmr/m/n on input line 27.
LaTeX Font Info:    ... okay on input line 27.
LaTeX Font Info:    Checking defaults for OMS/cmsy/m/n on input line 27.
LaTeX Font Info:    ... okay on input line 27.
LaTeX Font Info:    Checking defaults for OMX/cmex/m/n on input line 27.
LaTeX Font Info:    ... okay on input line 27.
LaTeX Font Info:    Checking defaults for U/cmr/m/n on input line 27.
LaTeX Font Info:    ... okay on input line 27.
LaTeX Font Info:    Checking defaults for PD1/pdf/m/n on input line 27.
LaTeX Font Info:    ... okay on input line 27.

(/usr/share/texlive/texmf-dist/tex/context/base/mkii/supp-pdf.mkii
[Loading MPS to PDF converter (version 2006.09.02).]
\scratchcounter=\count131
\scratchdimen=\dimen133
\scratchbox=\box56
\nofMPsegments=\count132
\nofMParguments=\count133
\everyMPshowfont=\toks21
\MPscratchCnt=\count134
\MPscratchDim=\dimen134
\MPnumerator=\count135
\makeMPintoPDFobject=\count136
\everyMPtoPDFconversion=\toks22
) (/usr/share/texlive/texmf-dist/tex/latex/oberdiek/epstopdf-base.sty
Package: epstopdf-base 2016/05/15 v2.6 Base part for package epstopdf

(/usr/share/texlive/texmf-dist/tex/latex/oberdiek/grfext.sty
Package: grfext 2016/05/16 v1.2 Manage graphics extensions (HO)
)
Package epstopdf-base Info: Redefining graphics rule for `.eps' on input line 4
38.
Package grfext Info: Graphics extension search list:
(grfext)             [.pdf,.png,.jpg,.mps,.jpeg,.jbig2,.jb2,.PDF,.PNG,.JPG,.JPE
G,.JBIG2,.JB2,.eps]
(grfext)             \AppendGraphicsExtensions on input line 456.

(/usr/share/texlive/texmf-dist/tex/latex/latexconfig/epstopdf-sys.cfg
File: epstopdf-sys.cfg 2010/07/13 v1.3 Configuration of (r)epstopdf for TeX Liv
e
))
\AtBeginShipoutBox=\box57
Package hyperref Info: Link coloring OFF on input line 27.

(/usr/share/texlive/texmf-dist/tex/latex/hyperref/nameref.sty
Package: nameref 2016/05/21 v2.44 Cross-referencing by name of section

(/usr/share/texlive/texmf-dist/tex/generic/oberdiek/gettitlestring.sty
Package: gettitlestring 2016/05/16 v1.5 Cleanup title references (HO)
)
\c@section@level=\count137
)
LaTeX Info: Redefining \ref on input line 27.
LaTeX Info: Redefining \pageref on input line 27.
LaTeX Info: Redefining \nameref on input line 27.

(./llncs.out) (./llncs.out)
\@outlinefile=\write3
\openout3 = `llncs.out'.

LaTeX Font Info:    External font `cmex10' loaded for size
(Font)              <7> on input line 44.
LaTeX Font Info:    External font `cmex10' loaded for size
(Font)              <5> on input line 44.


Package hyperref Warning: Token not allowed in a PDF string (PDFDocEncoding):
(hyperref)                removing `\\' on input line 44.


Package hyperref Warning: Token not allowed in a PDF string (PDFDocEncoding):
(hyperref)                removing `\\' on input line 44.


Package hyperref Warning: Token not allowed in a PDF string (PDFDocEncoding):
(hyperref)                removing `\\' on input line 44.


Overfull \hbox (9.62712pt too wide) in paragraph at lines 64--65
\OT1/cmr/m/n/10 Mo-bil-ity, Self-Driving Cars, VANET, Smart Con-tract, Transpor
tation-as-a-Service,
 []

[1

{/var/lib/texmf/fonts/map/pdftex/updmap/pdftex.map}]
LaTeX Font Info:    External font `cmex10' loaded for size
(Font)              <9> on input line 74.
LaTeX Font Info:    External font `cmex10' loaded for size
(Font)              <6> on input line 74.
 [2] [3] [4]
<Figures/Vanets.png, id=248, 1132.23pt x 1059.96pt>
File: Figures/Vanets.png Graphic file (type png)
<use Figures/Vanets.png>
Package pdftex.def Info: Figures/Vanets.png  used on input line 145.
(pdftex.def)             Requested size: 226.44199pt x 211.98824pt.

Overfull \hbox (5.70938pt too wide) in paragraph at lines 141--150
\OT1/cmr/m/n/10 roads. Typ-i-cally, RSUs pro-vide short range com-mu-ni-ca-tion
 based on IEEE 802.11p
 []

[5] [6 <./Figures/Vanets.png (PNG copy)>] [7]
<Figures/20180426_AOM-notation.pdf, id=311, 692.5875pt x 261.97874pt>
File: Figures/20180426_AOM-notation.pdf Graphic file (type pdf)
<use Figures/20180426_AOM-notation.pdf>
Package pdftex.def Info: Figures/20180426_AOM-notation.pdf  used on input line 
198.
(pdftex.def)             Requested size: 138.51505pt x 52.39482pt.
 [8 <./Figures/20180426_AOM-notation.pdf>]
<Figures/aom/20180511_goal-model--complete.pdf, id=337, 3020.28375pt x 2463.202
5pt>
File: Figures/aom/20180511_goal-model--complete.pdf Graphic file (type pdf)
<use Figures/aom/20180511_goal-model--complete.pdf>
Package pdftex.def Info: Figures/aom/20180511_goal-model--complete.pdf  used on
 input line 230.
(pdftex.def)             Requested size: 422.83685pt x 344.84601pt.

Overfull \hbox (75.71332pt too wide) in paragraph at lines 230--231
 [][] 
 []

[9] [10 <./Figures/aom/20180511_goal-model--complete.pdf>] [11]
<Figures/UML-notation-elements.png, id=389, 1634.105pt x 500.87125pt>
File: Figures/UML-notation-elements.png Graphic file (type png)
<use Figures/UML-notation-elements.png>
Package pdftex.def Info: Figures/UML-notation-elements.png  used on input line 
296.
(pdftex.def)             Requested size: 196.08414pt x 60.10194pt.

Overfull \hbox (7.87708pt too wide) in paragraph at lines 301--302
\OT1/cmr/m/n/10 of the sys-tem ar-chi-tec-ture and com-po-nents. Af-ter-wards, 
fur-ther il-lus-tra-tion present
 []

Missing character: There is no ‚ in font cmr10!
Missing character: There is no Ä in font cmr10!
Missing character: There is no ú in font cmr10!
Missing character: There is no ‚ in font cmr10!
Missing character: There is no Ä in font cmr10!
Missing character: There is no ù in font cmr10!
<Figures/longterm-architecture/20180507_high-level-architecture.pdf, id=395, 29
7.11pt x 312.16624pt>
File: Figures/longterm-architecture/20180507_high-level-architecture.pdf Graphi
c file (type pdf)
<use Figures/longterm-architecture/20180507_high-level-architecture.pdf>
Package pdftex.def Info: Figures/longterm-architecture/20180507_high-level-arch
itecture.pdf  used on input line 313.
(pdftex.def)             Requested size: 222.83194pt x 234.1241pt.
[12 <./Figures/UML-notation-elements.png>]
<Figures/longterm-architecture/20180507_Refined-sys-architecture--mobile-app.pd
f, id=410, 553.06625pt x 554.07pt>
File: Figures/longterm-architecture/20180507_Refined-sys-architecture--mobile-a
pp.pdf Graphic file (type pdf)
<use Figures/longterm-architecture/20180507_Refined-sys-architecture--mobile-ap
p.pdf>
Package pdftex.def Info: Figures/longterm-architecture/20180507_Refined-sys-arc
hitecture--mobile-app.pdf  used on input line 330.
(pdftex.def)             Requested size: 359.4888pt x 360.14124pt.

Overfull \hbox (12.36526pt too wide) in paragraph at lines 330--331
 [][] 
 []


Underfull \vbox (badness 1558) has occurred while \output is active []

 [13 <./Figures/longterm-architecture/20180507_high-level-architecture.pdf

pdfTeX warning: /usr/bin/pdflatex (file ./Figures/longterm-architecture/2018050
7_high-level-architecture.pdf): PDF inclusion: invalid other resource which is 
no dict (key 'ProcSets', type <array>); ignored.
>] [14 <./Figures/longterm-architecture/20180507_Refined-sys-architecture--mobi
le-app.pdf

pdfTeX warning: /usr/bin/pdflatex (file ./Figures/longterm-architecture/2018050
7_Refined-sys-architecture--mobile-app.pdf): PDF inclusion: invalid other resou
rce which is no dict (key 'ProcSets', type <array>); ignored.
>]
<Figures/longterm-architecture/20180507_Refined-sys-architecture--vehicle.pdf, 
id=465, 589.20125pt x 596.2275pt>
File: Figures/longterm-architecture/20180507_Refined-sys-architecture--vehicle.
pdf Graphic file (type pdf)
<use Figures/longterm-architecture/20180507_Refined-sys-architecture--vehicle.p
df>
Package pdftex.def Info: Figures/longterm-architecture/20180507_Refined-sys-arc
hitecture--vehicle.pdf  used on input line 344.
(pdftex.def)             Requested size: 382.97627pt x 387.54329pt.

Overfull \hbox (35.85274pt too wide) in paragraph at lines 344--345
 [][] 
 []

<Figures/longterm-architecture/20180507_Refined-sys-architecture--V2X.pdf, id=4
68, 378.41376pt x 298.11375pt>
File: Figures/longterm-architecture/20180507_Refined-sys-architecture--V2X.pdf 
Graphic file (type pdf)
<use Figures/longterm-architecture/20180507_Refined-sys-architecture--V2X.pdf>
Package pdftex.def Info: Figures/longterm-architecture/20180507_Refined-sys-arc
hitecture--V2X.pdf  used on input line 353.
(pdftex.def)             Requested size: 283.80962pt x 223.58476pt.
[15] [16 <./Figures/longterm-architecture/20180507_Refined-sys-architecture--ve
hicle.pdf

pdfTeX warning: /usr/bin/pdflatex (file ./Figures/longterm-architecture/2018050
7_Refined-sys-architecture--vehicle.pdf): PDF inclusion: invalid other resource
 which is no dict (key 'ProcSets', type <array>); ignored.
>]
<Figures/smart-contract-lifecycle/20180504_smart-contract-lilfefycle.pdf, id=50
3, 318.18875pt x 203.76125pt>
File: Figures/smart-contract-lifecycle/20180504_smart-contract-lilfefycle.pdf G
raphic file (type pdf)
<use Figures/smart-contract-lifecycle/20180504_smart-contract-lilfefycle.pdf>
Package pdftex.def Info: Figures/smart-contract-lifecycle/20180504_smart-contra
ct-lilfefycle.pdf  used on input line 413.
(pdftex.def)             Requested size: 206.82022pt x 132.44324pt.
 [17 <./Figures/longterm-architecture/20180507_Refined-sys-architecture--V2X.pd
f

pdfTeX warning: /usr/bin/pdflatex (file ./Figures/longterm-architecture/2018050
7_Refined-sys-architecture--V2X.pdf): PDF inclusion: invalid other resource whi
ch is no dict (key 'ProcSets', type <array>); ignored.
>] [18 <./Figures/smart-contract-lifecycle/20180504_smart-contract-lilfefycle.p
df

pdfTeX warning: /usr/bin/pdflatex (file ./Figures/smart-contract-lifecycle/2018
0504_smart-contract-lilfefycle.pdf): PDF inclusion: invalid other resource whic
h is no dict (key 'ProcSets', type <array>); ignored.
>]
<Figures/auction/20180501_auction-aglorithms--1-to-1.png, id=578, 486.81876pt x
 440.64626pt>
File: Figures/auction/20180501_auction-aglorithms--1-to-1.png Graphic file (typ
e png)
<use Figures/auction/20180501_auction-aglorithms--1-to-1.png>
Package pdftex.def Info: Figures/auction/20180501_auction-aglorithms--1-to-1.pn
g  used on input line 437.
(pdftex.def)             Requested size: 262.8782pt x 237.94542pt.
<Figures/auction/20180501_auction-aglorithms--X-to-X.png, id=580, 847.165pt x 5
30.98375pt>
File: Figures/auction/20180501_auction-aglorithms--X-to-X.png Graphic file (typ
e png)
<use Figures/auction/20180501_auction-aglorithms--X-to-X.png>
Package pdftex.def Info: Figures/auction/20180501_auction-aglorithms--X-to-X.pn
g  used on input line 444.
(pdftex.def)             Requested size: 338.85999pt x 212.38972pt.

Underfull \vbox (badness 4036) has occurred while \output is active []

 [19 <./Figures/auction/20180501_auction-aglorithms--1-to-1.png>] [20 <./Figure
s/auction/20180501_auction-aglorithms--X-to-X.png>] [21]
<Figures/prototype-architecture/20180509_prototype-architecture-merge.pdf, id=6
28, 532.99126pt x 550.055pt>
File: Figures/prototype-architecture/20180509_prototype-architecture-merge.pdf 
Graphic file (type pdf)
<use Figures/prototype-architecture/20180509_prototype-architecture-merge.pdf>
Package pdftex.def Info: Figures/prototype-architecture/20180509_prototype-arch
itecture-merge.pdf  used on input line 496.
(pdftex.def)             Requested size: 346.44022pt x 357.53151pt.
 [22] [23 <./Figures/prototype-architecture/20180509_prototype-architecture-mer
ge.pdf

pdfTeX warning: /usr/bin/pdflatex (file ./Figures/prototype-architecture/201805
09_prototype-architecture-merge.pdf): PDF inclusion: invalid other resource whi
ch is no dict (key 'ProcSets', type <array>); ignored.
>] [24]
Overfull \hbox (5.82037pt too wide) in paragraph at lines 583--584
[]\OT1/cmr/m/n/10 XAIN[][][] cre-ated and im-ple-mented their own Ethereum-base
d low-energy block-
 []

Missing character: There is no ‚ in font cmr10!
Missing character: There is no Ä in font cmr10!
Missing character: There is no ô in font cmr10!
[25] (./llncs.bbl
Missing character: There is no ‚ in font cmr9!
Missing character: There is no Ä in font cmr9!
Missing character: There is no ú in font cmr9!
Missing character: There is no ‚ in font cmr9!
Missing character: There is no Ä in font cmr9!
Missing character: There is no ù in font cmr9!
 [26]
Underfull \hbox (badness 6032) in paragraph at lines 61--64
[]\OT1/cmr/m/n/9 Cortright, J.: Sprawl Tax: How the US Stacks Up In-ter-na-tion
-ally .
 []


Underfull \hbox (badness 10000) in paragraph at lines 61--64
\OT1/cmr/m/n/9 URL: []$\OT1/cmtt/m/n/9 http : / / cityobservatory . org / spraw
l -[] tax -[] how -[] the -[] us -[] stacks -[] up -[]
 []


Underfull \hbox (badness 1546) in paragraph at lines 77--81
\OT1/cmr/m/n/9 - Blueprin for a New Econ-omy - Whitepa-per Ver-sion 1.2. URL: [
]$\OT1/cmtt/m/n/9 https :
 []


Underfull \hbox (badness 10000) in paragraph at lines 83--87
\OT1/cmr/m/n/9 omy of Things - Whitepa-per. URL: []$\OT1/cmtt/m/n/9 https : / /
 assets . ctfassets . net /
 []


Underfull \hbox (badness 10000) in paragraph at lines 83--87
\OT1/cmtt/m/n/9 fo0rvac1gv8v / 5Ui5mhVJKgGqYqe6O2OESm / 4c66ff073a6510a8b4fe68e
16ef2e48d /
 []


Underfull \hbox (badness 4505) in paragraph at lines 118--121
[]\OT1/cmr/m/n/9 Foamspace Corp: FOAM - Whitepa-per. URL: []$\OT1/cmtt/m/n/9 ht
tps : / / www . foam . space /
 []

[27]
Underfull \hbox (badness 1320) in paragraph at lines 160--163
[]\OT1/cmr/m/n/9 L. M. Good-man: Tezos - A Self-Amending Crypto-Ledger (White p
a-per).
 []


Underfull \hbox (badness 1742) in paragraph at lines 160--163
\OT1/cmr/m/n/9 URL: []$\OT1/cmtt/m/n/9 https : / / www . tezos . com / static /
 papers / white _ paper . pdf$[] \OT1/cmr/m/n/9 (2014), (Ac-
 []


Underfull \hbox (badness 2961) in paragraph at lines 190--194
\OT1/cmtt/m/n/9 driving -[] car -[] uber -[] death -[] woman -[] failure -[] fa
tal -[] crash -[] arizona$[] \OT1/cmr/m/n/9 (2018), (Ac-
 []

[28]
Underfull \hbox (badness 2237) in paragraph at lines 216--219
[]\OT1/cmr/m/n/9 Marshall, A.: Fully Self-Driving Cars Are Re-ally Truly Com-in
g to Cal-
 []


Underfull \hbox (badness 1122) in paragraph at lines 216--219
\OT1/cmr/m/n/9 i-for-nia. URL: []$\OT1/cmtt/m/n/9 https : / / www . wired . com
 / story / california -[] self -[] driving -[] car -[]
 []


Underfull \hbox (badness 1502) in paragraph at lines 240--243
[]\OT1/cmr/m/n/9 Mieke Berends-Ballast et al.: Trans-port and Mo-bil-ity 2016. 
URL: []$\OT1/cmtt/m/n/9 https :
 []


Underfull \hbox (badness 10000) in paragraph at lines 240--243
\OT1/cmtt/m/n/9 / / www . cbs . nl / en -[] gb / publication / 2016 / 25 / tran
sport -[] and -[] mobility -[] 2016$[]
 []


Underfull \hbox (badness 10000) in paragraph at lines 245--248
[]$\OT1/cmtt/m/n/9 http : / / www . swinburne . edu . au / news / latest -[] ne
ws / 2017 / 09 / self -[] driving -[]
 []


Underfull \hbox (badness 1178) in paragraph at lines 278--281
[]\OT1/cmr/m/n/9 Oaken In-no-va-tions: Project Oaken - Tesla Toll-booth Acorn. 
URL: []$\OT1/cmtt/m/n/9 https :
 []


Underfull \hbox (badness 2698) in paragraph at lines 278--281
\OT1/cmtt/m/n/9 / / github . com / Oaken -[] Innovations / tesla -[] tollbooth 
-[] acorn$[] \OT1/cmr/m/n/9 (2017), (Ac-cessed
 []

[29]
Underfull \hbox (badness 10000) in paragraph at lines 313--316
[]\OT1/cmr/m/n/9 Porsche AG: Porsche In-tro-duces Block-chain to Cars. URL: []$
\OT1/cmtt/m/n/9 https :
 []


Underfull \hbox (badness 10000) in paragraph at lines 313--316
\OT1/cmtt/m/n/9 / / newsroom . porsche . com / en / themes / porsche -[] digita
l / porsche -[] blockchain -[]
 []


Underfull \hbox (badness 10000) in paragraph at lines 313--316
\OT1/cmtt/m/n/9 panamera -[] xain -[] technology -[] app -[] bitcoin -[] ethere
um -[] data -[] smart -[] contracts -[]
 []


Underfull \hbox (badness 10000) in paragraph at lines 323--327
\OT1/cmtt/m/n/9 20170903105244 / https : / / www . sae . org / misc / pdfs / au
tomated _ driving . pdf$[]
 []


Underfull \hbox (badness 3989) in paragraph at lines 334--336
[]\OT1/cmr/m/n/9 SelfKey Foun-da-tion: Self-Key - Whitepa-per. URL: []$\OT1/cmt
t/m/n/9 https : / / selfkey . org /
 []


Underfull \hbox (badness 8038) in paragraph at lines 351--354
[]\OT1/cmr/m/n/9 Swarm.City: Swarm.city - To-ken Ex-change Whitepa-per. URL: []
$\OT1/cmtt/m/n/9 https :
 []


Underfull \hbox (badness 10000) in paragraph at lines 351--354
\OT1/cmtt/m/n/9 / / github . com / swarmcity / sc -[] token / blob / master / t
oken -[] exchange -[]
 []


Underfull \hbox (badness 10000) in paragraph at lines 351--354
\OT1/cmtt/m/n/9 miniwhitepaper . md # token -[] exchange -[] whitepaper$[] \OT1
/cmr/m/n/9 (2017), (Ac-cessed May
 []


Underfull \hbox (badness 2245) in paragraph at lines 388--392
[]\OT1/cmr/m/n/9 Wood, G.: Polka-dot: Vi-sion for a Het-ero-ge-neous Multi-Chai
n Frame-work
 []


Underfull \hbox (badness 2197) in paragraph at lines 388--392
\OT1/cmr/m/n/9 - Whitepa-per. URL: []$\OT1/cmtt/m/n/9 https : / / github . com 
/ w3f / polkadot -[] white -[] paper / blob /
 []

[30])
Package atveryend Info: Empty hook `BeforeClearDocument' on input line 629.
 [31]
Package atveryend Info: Empty hook `AfterLastShipout' on input line 629.
 (./llncs.aux)
Package atveryend Info: Executing hook `AtVeryEndDocument' on input line 629.
Package atveryend Info: Executing hook `AtEndAfterFileList' on input line 629.
Package rerunfilecheck Info: File `llncs.out' has not changed.
(rerunfilecheck)             Checksum: 180990521DF92544756A84298837C1C9;1781.
 )
(\end occurred inside a group at level 1)

### simple group (level 1) entered at line 30 ({)
### bottom level 
Here is how much of TeX's memory you used:
 6384 strings out of 492982
 96151 string characters out of 6134896
 197819 words of memory out of 5000000
 9706 multiletter control sequences out of 15000+600000
 8147 words of font info for 29 fonts, out of 8000000 for 9000
 1142 hyphenation exceptions out of 8191
 29i,9n,28p,2080b,542s stack positions out of 5000i,500n,10000p,200000b,80000s
</usr/share/texlive/texmf-dist/fonts/type1/public/amsfonts/cm/c
mbx10.pfb></usr/share/texlive/texmf-dist/fonts/type1/public/amsfonts/cm/cmbx12.
pfb></usr/share/texlive/texmf-dist/fonts/type1/public/amsfonts/cm/cmbx9.pfb></u
sr/share/texlive/texmf-dist/fonts/type1/public/amsfonts/cm/cmr10.pfb></usr/shar
e/texlive/texmf-dist/fonts/type1/public/amsfonts/cm/cmr6.pfb></usr/share/texliv
e/texmf-dist/fonts/type1/public/amsfonts/cm/cmr7.pfb></usr/share/texlive/texmf-
dist/fonts/type1/public/amsfonts/cm/cmr9.pfb></usr/share/texlive/texmf-dist/fon
ts/type1/public/amsfonts/cm/cmti10.pfb></usr/share/texlive/texmf-dist/fonts/typ
e1/public/amsfonts/cm/cmti9.pfb></usr/share/texlive/texmf-dist/fonts/type1/publ
ic/amsfonts/cm/cmtt9.pfb>
Output written on llncs.pdf (31 pages, 884968 bytes).
PDF statistics:
 897 PDF objects out of 1000 (max. 8388607)
 700 compressed objects within 7 object streams
 165 named destinations out of 1000 (max. 500000)
 229 words of extra memory for PDF output out of 10000 (max. 10000000)

